<?xml version="1.0" encoding="UTF-8"?>
<testsuite xmlns:xsi="http://www.w3.org/2001/XMLSchema-instance" xsi:noNamespaceSchemaLocation="https://maven.apache.org/surefire/maven-surefire-plugin/xsd/surefire-test-report-3.0.xsd" version="3.0" name="com.flightbooking.service.BookingServiceImplTest" time="0.187" tests="8" errors="0" skipped="0" failures="0">
  <properties>
[...]
</properties>
  <testcase name="bookFlight_totalPriceComputedCorrectly" classname="com.flightbooking.service.BookingServiceImplTest" time="0.141">
    <system-out><![CDATA[2026-03-31T08:49:31.139+05:30  INFO 48472 --- [flight-booking] [           main] c.f.service.BookingServiceImpl           : Booking confirmed: 2c493226-e881-4ad9-a24c-8fe752dc6b41 on flight EK502 - seats [1A, 1B]
]]></system-out>
  </testcase>
  <testcase name="bookFlight_flightNotFound_throwsException" classname="com.flightbooking.service.BookingServiceImplTest" time="0.003"/>
  <testcase name="bookFlight_insufficientSeats_throwsException" classname="com.flightbooking.service.BookingServiceImplTest" time="0.003"/>
  <testcase name="bookFlight_success_returnsBookingResponse" classname="com.flightbooking.service.BookingServiceImplTest" time="0.006">
    <system-out><![CDATA[2026-03-31T08:49:31.171+05:30  INFO 48472 --- [flight-booking] [           main] c.f.service.BookingServiceImpl           : Booking confirmed: 1719f115-b866-448b-a2d8-f25358177969 on flight EK502 - seats [1A, 1B]
]]></system-out>
  </testcase>
  <testcase name="bookFlight_seatsMarkedAsBooked" classname="com.flightbooking.service.BookingServiceImplTest" time="0.021">
    <system-out><![CDATA[2026-03-31T08:49:31.195+05:30  INFO 48472 --- [flight-booking] [           main] c.f.service.BookingServiceImpl           : Booking confirmed: 7089c8fc-e021-426c-af90-1881f2da22d6 on flight EK502 - seats [1A, 1B]
]]></system-out>
  </testcase>
  <testcase name="bookFlight_duplicateBooking_throwsException" classname="com.flightbooking.service.BookingServiceImplTest" time="0.002"/>
  <testcase name="bookFlight_allocatedSeatsCountMatchesRequest" classname="com.flightbooking.service.BookingServiceImplTest" time="0.003">
    <system-out><![CDATA[2026-03-31T08:49:31.201+05:30  INFO 48472 --- [flight-booking] [           main] c.f.service.BookingServiceImpl           : Booking confirmed: 56617206-3dca-4162-b6f9-5c1d977ff35d on flight EK502 - seats [1A, 1B, 1C]
]]></system-out>
  </testcase>
  <testcase name="bookFlight_bookingIdGenerated" classname="com.flightbooking.service.BookingServiceImplTest" time="0.003">
    <system-out><![CDATA[2026-03-31T08:49:31.204+05:30  INFO 48472 --- [flight-booking] [           main] c.f.service.BookingServiceImpl           : Booking confirmed: 8d76489b-6070-4318-9d9b-10d957f32a05 on flight EK502 - seats [1A]
]]></system-out>
  </testcase>
</testsuite>